
ADCPSECT  Wed May  8 04:32:55 2024

 dbname: ../adcpdb/a_sp
 output: a_sp
 step_size: 1
 ndepth: 20
 time_ranges: separate
 year_base= 2024


 option_list:
    centered_average    none
No reference layer removed.
 minimum AGC counts above noise floor = 0
 Time range: 2024/05/01  15:23:53 to 2024/05/08  04:32:40
 ADCP mean position: 34.2743 lat, 239.768 long
 ADCP middle position: 34.1137 lat, 240.301 long, 124.915 days
 ADCP latitude range: 32.6206 to 35.6067
 ADCP longitude range: 237.831 to 242.771
 No. of ensembles in time range:  2894

Statistics for U (scaled by 0.010000)
     depth m    N       MEAN
        15   1623     -6.286
        23   1547     -4.452
        31   1546     -7.347
        39   1622    -12.251
        47   1667    -17.635
        55   1695    -26.884
        63   1713    -35.319
        71   1759    -41.398
        79   1807    -44.371
        87   1837    -45.735
        95   1836    -49.482
       103   1833    -49.554
       111   1829    -50.043
       119   1788    -49.964
       127   1771    -51.729
       135   1754    -48.822
       143   1715    -47.370
       151   1680    -48.390
       159   1631    -50.412
       167   1556    -53.991

Statistics for V (scaled by 0.010000)
     depth m    N       MEAN
        15   1623    -26.592
        23   1547    -29.265
        31   1546    -26.291
        39   1622    -19.131
        47   1667    -11.760
        55   1695     -2.816
        63   1713      4.852
        71   1759     16.637
        79   1807     21.678
        87   1837     24.457
        95   1836     25.601
       103   1833     28.224
       111   1829     28.980
       119   1788     29.424
       127   1771     28.490
       135   1754     27.758
       143   1715     26.609
       151   1680     27.398
       159   1631     28.261
       167   1556     26.434



 Elapsed time: 0:00 (min:sec)
